mode: atomic
github.com/GoldenDeals/DepGit/internal/share/logger/logger.go:14.67,17.2 2 0
github.com/GoldenDeals/DepGit/internal/share/logger/logger.go:22.64,28.23 3 0
github.com/GoldenDeals/DepGit/internal/share/logger/logger.go:28.23,30.3 1 0
github.com/GoldenDeals/DepGit/internal/share/logger/logger.go:30.8,32.3 1 0
github.com/GoldenDeals/DepGit/internal/share/logger/logger.go:34.2,34.12 1 0
github.com/GoldenDeals/DepGit/internal/share/errors/definition.go:21.35,23.30 2 0
github.com/GoldenDeals/DepGit/internal/share/errors/definition.go:23.30,24.27 1 0
github.com/GoldenDeals/DepGit/internal/share/errors/definition.go:25.15,26.14 1 0
github.com/GoldenDeals/DepGit/internal/share/errors/definition.go:26.14,28.5 1 0
github.com/GoldenDeals/DepGit/internal/share/errors/definition.go:28.10,28.21 1 0
github.com/GoldenDeals/DepGit/internal/share/errors/definition.go:28.21,30.5 1 0
github.com/GoldenDeals/DepGit/internal/share/errors/definition.go:31.14,32.28 1 0
github.com/GoldenDeals/DepGit/internal/share/errors/definition.go:35.2,35.12 1 0
github.com/GoldenDeals/DepGit/internal/share/errors/definition.go:43.38,50.2 5 0
github.com/GoldenDeals/DepGit/internal/share/errors/definition.go:54.38,61.2 5 0
github.com/GoldenDeals/DepGit/internal/share/errors/definition.go:65.37,72.2 5 0
github.com/GoldenDeals/DepGit/internal/share/errors/definition.go:75.32,80.20 4 0
github.com/GoldenDeals/DepGit/internal/share/errors/definition.go:80.20,83.3 2 0
github.com/GoldenDeals/DepGit/internal/share/errors/definition.go:85.2,85.18 1 0
github.com/GoldenDeals/DepGit/internal/share/errors/definition.go:85.18,88.3 2 0
github.com/GoldenDeals/DepGit/internal/share/errors/definition.go:90.2,90.24 1 0
github.com/GoldenDeals/DepGit/internal/gen/api/api.go:143.75,149.16 4 0
github.com/GoldenDeals/DepGit/internal/gen/api/api.go:149.16,151.3 1 0
github.com/GoldenDeals/DepGit/internal/gen/api/api.go:154.2,155.12 2 0
github.com/GoldenDeals/DepGit/internal/gen/api/api.go:159.73,165.16 4 0
github.com/GoldenDeals/DepGit/internal/gen/api/api.go:165.16,167.3 1 0
github.com/GoldenDeals/DepGit/internal/gen/api/api.go:170.2,171.12 2 0
github.com/GoldenDeals/DepGit/internal/gen/api/api.go:175.69,181.2 3 0
github.com/GoldenDeals/DepGit/internal/gen/api/api.go:184.69,190.16 4 0
github.com/GoldenDeals/DepGit/internal/gen/api/api.go:190.16,192.3 1 0
github.com/GoldenDeals/DepGit/internal/gen/api/api.go:195.2,196.12 2 0
github.com/GoldenDeals/DepGit/internal/gen/api/api.go:200.66,206.16 4 0
github.com/GoldenDeals/DepGit/internal/gen/api/api.go:206.16,208.3 1 0
github.com/GoldenDeals/DepGit/internal/gen/api/api.go:211.2,212.12 2 0
github.com/GoldenDeals/DepGit/internal/gen/api/api.go:216.69,222.16 4 0
github.com/GoldenDeals/DepGit/internal/gen/api/api.go:222.16,224.3 1 0
github.com/GoldenDeals/DepGit/internal/gen/api/api.go:227.2,228.12 2 0
github.com/GoldenDeals/DepGit/internal/gen/api/api.go:232.73,238.16 4 0
github.com/GoldenDeals/DepGit/internal/gen/api/api.go:238.16,240.3 1 0
github.com/GoldenDeals/DepGit/internal/gen/api/api.go:243.2,244.12 2 0
github.com/GoldenDeals/DepGit/internal/gen/api/api.go:248.75,254.16 4 0
github.com/GoldenDeals/DepGit/internal/gen/api/api.go:254.16,256.3 1 0
github.com/GoldenDeals/DepGit/internal/gen/api/api.go:259.2,260.12 2 0
github.com/GoldenDeals/DepGit/internal/gen/api/api.go:264.68,270.16 4 0
github.com/GoldenDeals/DepGit/internal/gen/api/api.go:270.16,272.3 1 0
github.com/GoldenDeals/DepGit/internal/gen/api/api.go:275.2,276.12 2 0
github.com/GoldenDeals/DepGit/internal/gen/api/api.go:280.67,286.2 3 0
github.com/GoldenDeals/DepGit/internal/gen/api/api.go:289.69,295.2 3 0
github.com/GoldenDeals/DepGit/internal/gen/api/api.go:298.69,304.16 4 0
github.com/GoldenDeals/DepGit/internal/gen/api/api.go:304.16,306.3 1 0
github.com/GoldenDeals/DepGit/internal/gen/api/api.go:309.2,310.12 2 0
github.com/GoldenDeals/DepGit/internal/gen/api/api.go:314.66,320.16 4 0
github.com/GoldenDeals/DepGit/internal/gen/api/api.go:320.16,322.3 1 0
github.com/GoldenDeals/DepGit/internal/gen/api/api.go:325.2,326.12 2 0
github.com/GoldenDeals/DepGit/internal/gen/api/api.go:330.67,336.16 4 0
github.com/GoldenDeals/DepGit/internal/gen/api/api.go:336.16,338.3 1 0
github.com/GoldenDeals/DepGit/internal/gen/api/api.go:341.2,342.12 2 0
github.com/GoldenDeals/DepGit/internal/gen/api/api.go:346.69,352.16 4 0
github.com/GoldenDeals/DepGit/internal/gen/api/api.go:352.16,354.3 1 0
github.com/GoldenDeals/DepGit/internal/gen/api/api.go:357.2,358.12 2 0
github.com/GoldenDeals/DepGit/internal/gen/api/api.go:362.68,368.16 4 0
github.com/GoldenDeals/DepGit/internal/gen/api/api.go:368.16,370.3 1 0
github.com/GoldenDeals/DepGit/internal/gen/api/api.go:373.2,374.12 2 0
github.com/GoldenDeals/DepGit/internal/gen/api/api.go:393.62,395.2 1 0
github.com/GoldenDeals/DepGit/internal/gen/api/api.go:399.89,422.2 17 0
github.com/GoldenDeals/DepGit/internal/gen/api/api.go:448.35,450.16 2 0
github.com/GoldenDeals/DepGit/internal/gen/api/api.go:450.16,452.3 1 0
github.com/GoldenDeals/DepGit/internal/gen/api/api.go:453.2,454.16 2 0
github.com/GoldenDeals/DepGit/internal/gen/api/api.go:454.16,456.3 1 0
github.com/GoldenDeals/DepGit/internal/gen/api/api.go:457.2,459.16 3 0
github.com/GoldenDeals/DepGit/internal/gen/api/api.go:459.16,461.3 1 0
github.com/GoldenDeals/DepGit/internal/gen/api/api.go:463.2,463.25 1 0
github.com/GoldenDeals/DepGit/internal/gen/api/api.go:469.48,471.32 2 0
github.com/GoldenDeals/DepGit/internal/gen/api/api.go:471.32,473.3 1 0
github.com/GoldenDeals/DepGit/internal/gen/api/api.go:477.73,479.25 2 0
github.com/GoldenDeals/DepGit/internal/gen/api/api.go:479.25,481.3 1 0
github.com/GoldenDeals/DepGit/internal/gen/api/api.go:483.2,483.12 1 0
github.com/GoldenDeals/DepGit/internal/gen/api/api.go:491.52,496.87 4 0
github.com/GoldenDeals/DepGit/internal/gen/api/api.go:496.87,500.10 4 0
github.com/GoldenDeals/DepGit/internal/gen/api/api.go:500.10,503.4 2 0
github.com/GoldenDeals/DepGit/internal/gen/api/api.go:504.3,504.19 1 0
github.com/GoldenDeals/DepGit/internal/gen/api/api.go:506.2,508.16 3 0
github.com/GoldenDeals/DepGit/internal/gen/api/api.go:508.16,510.3 1 0
github.com/GoldenDeals/DepGit/internal/gen/api/api.go:511.2,512.16 2 0
github.com/GoldenDeals/DepGit/internal/gen/api/api.go:512.16,514.3 1 0
github.com/GoldenDeals/DepGit/internal/gen/api/api.go:515.2,515.8 1 0
github.com/GoldenDeals/DepGit/internal/stroage/file.go:18.60,20.52 1 2
github.com/GoldenDeals/DepGit/internal/stroage/file.go:20.52,22.3 1 0
github.com/GoldenDeals/DepGit/internal/stroage/file.go:24.2,26.8 1 2
github.com/GoldenDeals/DepGit/internal/stroage/file.go:30.101,33.47 2 8
github.com/GoldenDeals/DepGit/internal/stroage/file.go:33.47,35.3 1 0
github.com/GoldenDeals/DepGit/internal/stroage/file.go:38.2,39.45 2 8
github.com/GoldenDeals/DepGit/internal/stroage/file.go:39.45,41.3 1 2
github.com/GoldenDeals/DepGit/internal/stroage/file.go:44.2,45.51 2 6
github.com/GoldenDeals/DepGit/internal/stroage/file.go:45.51,47.3 1 0
github.com/GoldenDeals/DepGit/internal/stroage/file.go:50.2,51.16 2 6
github.com/GoldenDeals/DepGit/internal/stroage/file.go:51.16,53.3 1 0
github.com/GoldenDeals/DepGit/internal/stroage/file.go:54.2,54.15 1 6
github.com/GoldenDeals/DepGit/internal/stroage/file.go:54.15,55.48 1 6
github.com/GoldenDeals/DepGit/internal/stroage/file.go:55.48,57.18 2 0
github.com/GoldenDeals/DepGit/internal/stroage/file.go:57.18,59.5 1 0
github.com/GoldenDeals/DepGit/internal/stroage/file.go:64.2,65.12 2 6
github.com/GoldenDeals/DepGit/internal/stroage/file.go:69.99,72.2 2 3
github.com/GoldenDeals/DepGit/internal/stroage/file.go:75.83,80.48 3 3
github.com/GoldenDeals/DepGit/internal/stroage/file.go:80.48,82.3 1 1
github.com/GoldenDeals/DepGit/internal/stroage/file.go:84.2,84.81 1 2
github.com/GoldenDeals/DepGit/internal/stroage/file.go:84.81,85.17 1 7
github.com/GoldenDeals/DepGit/internal/stroage/file.go:85.17,87.4 1 0
github.com/GoldenDeals/DepGit/internal/stroage/file.go:90.3,90.19 1 7
github.com/GoldenDeals/DepGit/internal/stroage/file.go:90.19,92.4 1 3
github.com/GoldenDeals/DepGit/internal/stroage/file.go:95.3,97.13 3 4
github.com/GoldenDeals/DepGit/internal/stroage/file.go:100.2,100.21 1 2
github.com/GoldenDeals/DepGit/internal/stroage/minio.go:20.117,26.16 2 1
github.com/GoldenDeals/DepGit/internal/stroage/minio.go:26.16,28.3 1 0
github.com/GoldenDeals/DepGit/internal/stroage/minio.go:31.2,32.16 2 1
github.com/GoldenDeals/DepGit/internal/stroage/minio.go:32.16,34.3 1 1
github.com/GoldenDeals/DepGit/internal/stroage/minio.go:36.2,36.13 1 0
github.com/GoldenDeals/DepGit/internal/stroage/minio.go:36.13,38.17 2 0
github.com/GoldenDeals/DepGit/internal/stroage/minio.go:38.17,40.4 1 0
github.com/GoldenDeals/DepGit/internal/stroage/minio.go:41.3,41.49 1 0
github.com/GoldenDeals/DepGit/internal/stroage/minio.go:44.2,47.8 1 0
github.com/GoldenDeals/DepGit/internal/stroage/minio.go:51.104,58.16 3 0
github.com/GoldenDeals/DepGit/internal/stroage/minio.go:58.16,60.3 1 0
github.com/GoldenDeals/DepGit/internal/stroage/minio.go:63.2,65.12 2 0
github.com/GoldenDeals/DepGit/internal/stroage/minio.go:69.102,75.16 3 0
github.com/GoldenDeals/DepGit/internal/stroage/minio.go:75.16,77.3 1 0
github.com/GoldenDeals/DepGit/internal/stroage/minio.go:80.2,80.17 1 0
github.com/GoldenDeals/DepGit/internal/stroage/minio.go:84.86,94.31 3 0
github.com/GoldenDeals/DepGit/internal/stroage/minio.go:94.31,95.24 1 0
github.com/GoldenDeals/DepGit/internal/stroage/minio.go:95.24,97.4 1 0
github.com/GoldenDeals/DepGit/internal/stroage/minio.go:100.3,101.33 2 0
github.com/GoldenDeals/DepGit/internal/stroage/minio.go:104.2,104.21 1 0
